Diff = 13798783827516.4000, Hash Rate = 111361243378888000000.0000 Expected Result = 8.3767.
Current COV and iteration 99.9949998749938 1
Current COV and iteration 3.002788435275363 1001
Current COV and iteration 2.0010928861520783 2001
Current COV and iteration 1.5282277633743147 3001
Current COV and iteration 1.2252497319177855 4001
Current COV and iteration 1.00041924108937 5001
Current COV and iteration 0.8169232174171199 6001
Current COV and iteration 0.655078200535551 7001
Current COV and iteration 0.5004548593878079 8001
Current COV and iteration 0.3338989954376671 9001
Average time =  8.77972630596393
Mean Average Error =  0.4030263059639303
====
Diff = 13798783827516.4000, Hash Rate = 97902978913580100000.0000 Expected Result = 10.0891.
Current COV and iteration 99.9949998749938 1
Current COV and iteration 3.001456013623381 1001
Current COV and iteration 2.0005772010821365 2001
Current COV and iteration 1.52790559317641 3001
Current COV and iteration 1.2250230371745492 4001
Current COV and iteration 1.0003044412968578 5001
Current COV and iteration 0.816807515444577 6001
Current COV and iteration 0.6549695009982154 7001
Current COV and iteration 0.5003423207947048 8001
Current COV and iteration 0.33376051281689256 9001
Average time =  10.00887588758876
Mean Average Error =  0.24162520918758545
====
Diff = 13798783827516.4000, Hash Rate = 114495529956960000000.0000 Expected Result = 8.6270.
Current COV and iteration 99.9949998749938 1
Current COV and iteration 3.0021727551475976 1001
Current COV and iteration 2.000838055191098 2001
Current COV and iteration 1.5280609424253961 3001
Current COV and iteration 1.2251331986808025 4001
Current COV and iteration 1.000320089758456 5001
Current COV and iteration 0.8168438949177218 6001
Current COV and iteration 0.6550094209708149 7001
Current COV and iteration 0.5003920792130889 8001
Current COV and iteration 0.3338298600653503 9001
Average time =  8.544146081274794
Mean Average Error =  0.1887014457001257
====
Diff = 13798783827516.4000, Hash Rate = 115952096756780000000.0000 Expected Result = 8.5187.
Current COV and iteration 99.9949998749938 1
Current COV and iteration 3.0018906448983054 1001
Current COV and iteration 2.0007336458512013 2001
Current COV and iteration 1.5279927197630296 3001
Current COV and iteration 1.2250862996890848 4001
Current COV and iteration 1.0002808291251948 5001
Current COV and iteration 0.8168069483239733 6001
Current COV and iteration 0.6549732617149151 7001
Current COV and iteration 0.5003526759408495 8001
Current COV and iteration 0.33377991758801606 9001
Average time =  8.45094842817615
Mean Average Error =  0.15846397723105676
====
Diff = 13798783827516.4000, Hash Rate = 111583708942551000000.0000 Expected Result = 8.8521.
Current COV and iteration 99.9949998749938 1
Current COV and iteration 3.0027869428407876 1001
Current COV and iteration 2.001094151045966 2001
Current COV and iteration 1.5282284877834464 3001
Current COV and iteration 1.2252508185894795 4001
Current COV and iteration 1.0004181473781382 5001
Current COV and iteration 0.8169200807950642 6001
Current COV and iteration 0.6550740911081823 7001
Current COV and iteration 0.500449623849833 8001
Current COV and iteration 0.3338921722208454 9001
Average time =  8.752176884355102
Mean Average Error =  0.14675580491382512
====
Diff = 13798783827516.4000, Hash Rate = 92874028237862800000.0000 Expected Result = 10.6354.
Current COV and iteration 99.9949998749938 1
Current COV and iteration 3.001256750285886 1001
Current COV and iteration 2.000509237880089 2001
Current COV and iteration 1.5278443922159934 3001
Current COV and iteration 1.2249771394299513 4001
Current COV and iteration 1.0002510383636758 5001
Current COV and iteration 0.8167359685574878 6001
Current COV and iteration 0.6548843058070649 7001
Current COV and iteration 0.5002411926919372 8001
Current COV and iteration 0.33362624445031225 9001
Average time =  10.509174250758408
Mean Average Error =  0.1433341289684531
====
Diff = 13798783827516.4000, Hash Rate = 119920639761108000000.0000 Expected Result = 8.2367.
Current COV and iteration 99.9949998749938 1
Current COV and iteration 3.0024218660044673 1001
Current COV and iteration 2.0009439875113557 2001
Current COV and iteration 1.5281546276829092 3001
Current COV and iteration 1.2252216760229 4001
Current COV and iteration 1.0003948532341784 5001
Current COV and iteration 0.816920690417966 6001
Current COV and iteration 0.6550977248879958 7001
Current COV and iteration 0.5004901599382857 8001
Current COV and iteration 0.3339543155464958 9001
Average time =  8.141564156415642
Mean Average Error =  0.1364486596278682
====
Diff = 13798783827516.4000, Hash Rate = 97491672892813700000.0000 Expected Result = 10.1317.
Current COV and iteration 99.9949998749938 1
Current COV and iteration 3.001349473601577 1001
Current COV and iteration 2.0005427497339068 2001
Current COV and iteration 1.5278878216217655 3001
Current COV and iteration 1.2250104796265624 4001
Current COV and iteration 1.0002927052911605 5001
Current COV and iteration 0.8167914737454319 6001
Current COV and iteration 0.6549490041101695 7001
Current COV and iteration 0.5003170571104253 8001
Current COV and iteration 0.3337268889079333 9001
Average time =  10.051893522685601
Mean Average Error =  0.12936838683868457
====
Diff = 13798783827516.4000, Hash Rate = 109038086418190000000.0000 Expected Result = 9.0588.
Current COV and iteration 99.9949998749938 1
Current COV and iteration 3.0027988251874103 1001
Current COV and iteration 2.0011063701230327 2001
Current COV and iteration 1.5282258877755714 3001
Current COV and iteration 1.2252441631102782 4001
Current COV and iteration 1.0004210342123874 5001
Current COV and iteration 0.816918011912122 6001
Current COV and iteration 0.6550685325170064 7001
Current COV and iteration 0.5004383492772899 8001
Current COV and iteration 0.3338738369814809 9001
Average time =  8.949794979497948
Mean Average Error =  0.12710579057905866
====
Diff = 13798783827516.4000, Hash Rate = 101467728366730000000.0000 Expected Result = 9.7347.
Current COV and iteration 99.9949998749938 1
Current COV and iteration 3.001799731017663 1001
Current COV and iteration 2.0007879556204693 2001
Current COV and iteration 1.528086501258326 3001
Current COV and iteration 1.2251566445405933 4001
Current COV and iteration 1.000399165788727 5001
Current COV and iteration 0.8168856008297591 6001
Current COV and iteration 0.6550413254471646 7001
Current COV and iteration 0.50041058746185 8001
Current COV and iteration 0.33384172705123344 9001
Average time =  9.650486715338198
Mean Average Error =  0.12281653998733297
====
Diff = 13798783827516.4000, Hash Rate = 111413835466892000000.0000 Expected Result = 8.8656.
Current COV and iteration 99.9949998749938 1
Current COV and iteration 3.002788435275363 1001
Current COV and iteration 2.001094748684787 2001
Current COV and iteration 1.5282309122240876 3001
Current COV and iteration 1.225252169525433 4001
Current COV and iteration 1.0004209974020402 5001
Current COV and iteration 0.8169244362486185 6001
Current COV and iteration 0.6550790468341907 7001
Current COV and iteration 0.5004554036250235 8001
Current COV and iteration 0.3338996403906131 9001
Average time =  8.774585791912523
Mean Average Error =  0.11992541890552792
====
Diff = 13798783827516.4000, Hash Rate = 103378510209866000000.0000 Expected Result = 9.5547.
Current COV and iteration 99.9949998749938 1
Current COV and iteration 3.002210704448799 1001
Current COV and iteration 2.0009794589956633 2001
Current COV and iteration 1.5282340218221462 3001
Current COV and iteration 1.2252836287864723 4001
Current COV and iteration 1.000522264445315 5001
Current COV and iteration 0.8170228647025412 6001
Current COV and iteration 0.6551816725958312 7001
Current COV and iteration 0.5005639865660741 8001
Current COV and iteration 0.3340381388345121 9001
Average time =  9.47082374904157
Mean Average Error =  0.11692132157660318
====
Diff = 13798783827516.4000, Hash Rate = 98362830927544400000.0000 Expected Result = 10.0420.
Current COV and iteration 99.9949998749938 1
Current COV and iteration 3.001468150137803 1001
Current COV and iteration 2.0005943801837955 2001
Current COV and iteration 1.5279149475603195 3001
Current COV and iteration 1.2250284930115785 4001
Current COV and iteration 1.000303937709738 5001
Current COV and iteration 0.8168037802840468 6001
Current COV and iteration 0.6549650588686813 7001
Current COV and iteration 0.5003351856867646 8001
Current COV and iteration 0.333750688304881 9001
Average time =  9.950148348168149
Mean Average Error =  0.11499288544239146
====
Diff = 14776367535688.6000, Hash Rate = 99719224516086900000.0000 Expected Result = 9.9199.
Current COV and iteration 99.9949998749938 1
Current COV and iteration 3.0014212455931455 1001
Current COV and iteration 2.000559439000405 2001
Current COV and iteration 1.527866263690439 3001
Current COV and iteration 1.2249907208740707 4001
Current COV and iteration 1.0002575063958585 5001
Current COV and iteration 0.816741047189734 6001
Current COV and iteration 0.6548890386823402 7001
Current COV and iteration 0.5002460101970934 8001
Current COV and iteration 0.3336318053786896 9001
Average time =  10.477876120945428
Mean Average Error =  0.14663454512117977
====
Diff = 14776367535688.6000, Hash Rate = 110473990584337000000.0000 Expected Result = 9.5745.
Current COV and iteration 99.9949998749938 1
Current COV and iteration 3.0021793618441075 1001
Current COV and iteration 2.000966291050495 2001
Current COV and iteration 1.5282284650790325 3001
Current COV and iteration 1.2252781652125706 4001
Current COV and iteration 1.0005139097273623 5001
Current COV and iteration 0.8170113868073512 6001
Current COV and iteration 0.655167648634964 7001
Current COV and iteration 0.5005471547686625 8001
Current COV and iteration 0.33401373057607553 9001
Average time =  9.493856052271894
Mean Average Error =  0.14223517196164154
====
Diff = 14776367535688.6000, Hash Rate = 117800355309292000000.0000 Expected Result = 8.9790.
Current COV and iteration 99.9949998749938 1
Current COV and iteration 3.0030933967425337 1001
Current COV and iteration 2.0012440235289675 2001
Current COV and iteration 1.5283274696968667 3001
Current COV and iteration 1.2253186536410439 4001
Current COV and iteration 1.000475846762796 5001
Current COV and iteration 0.8169650748062856 6001
Current COV and iteration 0.6551129137647258 7001
Current COV and iteration 0.5004860315791875 8001
Current COV and iteration 0.33393116576109216 9001
Average time =  8.884248424842484
Mean Average Error =  0.13926744716138362
====
Diff = 14776367535688.6000, Hash Rate = 116281340367992000000.0000 Expected Result = 9.0963.
Current COV and iteration 99.9949998749938 1
Current COV and iteration 3.002762702037661 1001
Current COV and iteration 2.001082467943627 2001
Current COV and iteration 1.528203154606466 3001
Current COV and iteration 1.225226400245525 4001
Current COV and iteration 1.0004063659929918 5001
Current COV and iteration 0.8169006273234651 6001
Current COV and iteration 0.6550489584883799 7001
Current COV and iteration 0.5004160532654033 8001
Current COV and iteration 0.3338456306071846 9001
Average time =  8.977969463613027
Mean Average Error =  0.13803586417465355
====
Diff = 14776367535688.6000, Hash Rate = 96889385188505800000.0000 Expected Result = 10.9169.
Current COV and iteration 99.9949998749938 1
Current COV and iteration 3.001464059162053 1001
Current COV and iteration 2.000594050525778 2001
Current COV and iteration 1.5279038984799935 3001
Current COV and iteration 1.225026149323521 4001
Current COV and iteration 1.0002970249115086 5001
Current COV and iteration 0.8167773565592882 6001
Current COV and iteration 0.6549269519875346 7001
Current COV and iteration 0.5002903262658775 8001
Current COV and iteration 0.3336894745177267 9001
Average time =  10.760832749941661
Mean Average Error =  0.13903760783485827
====
Diff = 14776367535688.6000, Hash Rate = 110255872620410000000.0000 Expected Result = 9.5934.
Current COV and iteration 99.9949998749938 1
Current COV and iteration 3.002094348109798 1001
Current COV and iteration 2.000929738393226 2001
Current COV and iteration 1.5282035703508798 3001
Current COV and iteration 1.225253680194378 4001
Current COV and iteration 1.0004887186140747 5001
Current COV and iteration 0.8169834952887578 6001
Current COV and iteration 0.6551403542006409 7001
Current COV and iteration 0.5005196048733498 8001
Current COV and iteration 0.33398133749371045 9001
Average time =  9.52178051138447
Mean Average Error =  0.13548928577068312
====
Diff = 14776367535688.6000, Hash Rate = 112019164240350000000.0000 Expected Result = 9.4424.
Current COV and iteration 99.9949998749938 1
Current COV and iteration 3.002244424896598 1001
Current COV and iteration 2.0009964308185664 2001
Current COV and iteration 1.5282305467868045 3001
Current COV and iteration 1.225274325714594 4001
Current COV and iteration 1.0004954744305474 5001
Current COV and iteration 0.8169932498782596 6001
Current COV and iteration 0.6551474503832951 7001
Current COV and iteration 0.5005245974687371 8001
Current COV and iteration 0.33398944408841486 9001
Average time =  9.363623028969563
Mean Average Error =  0.13265367003367076
====
Diff = 14776367535688.6000, Hash Rate = 111546305458733000000.0000 Expected Result = 9.4825.
Current COV and iteration 99.9949998749938 1
Current COV and iteration 3.002030535857638 1001
Current COV and iteration 2.000901685958876 2001
Current COV and iteration 1.5281672702894014 3001
Current COV and iteration 1.2252273127607334 4001
Current COV and iteration 1.0004652504360745 5001
Current COV and iteration 0.8169691383962253 6001
Current COV and iteration 0.6551270418443776 7001
Current COV and iteration 0.5005050989901108 8001
Current COV and iteration 0.33396594109569205 9001
Average time =  9.417631763176319
Mean Average Error =  0.1294257922617665
====
Diff = 14776367535688.6000, Hash Rate = 114803061177620000000.0000 Expected Result = 9.2135.
Current COV and iteration 99.9949998749938 1
Current COV and iteration 3.002723302056529 1001
Current COV and iteration 2.0010914556344814 2001
Current COV and iteration 1.528216358761591 3001
Current COV and iteration 1.225241319762985 4001
Current COV and iteration 1.000433202006126 5001
Current COV and iteration 0.8169326026667089 6001
Current COV and iteration 0.6550839050113878 7001
Current COV and iteration 0.5004545826774567 8001
Current COV and iteration 0.3338964618931206 9001
Average time =  9.097313064639797
Mean Average Error =  0.12882402603896814
====
Diff = 14776367535688.6000, Hash Rate = 117004028568046000000.0000 Expected Result = 9.0401.
Current COV and iteration 99.9949998749938 1
Current COV and iteration 3.002806039123982 1001
Current COV and iteration 2.001111384535956 2001
Current COV and iteration 1.5282318372181674 3001
Current COV and iteration 1.2252496759185763 4001
Current COV and iteration 1.000426131545419 5001
Current COV and iteration 0.8169255202854917 6001
Current COV and iteration 0.6550770811330479 7001
Current COV and iteration 0.500449461220012 8001
Current COV and iteration 0.33388965325795344 9001
Average time =  8.934603460346034
Mean Average Error =  0.1278097875004898
====
Diff = 14776367535688.6000, Hash Rate = 111238947964780000000.0000 Expected Result = 9.5087.
Current COV and iteration 99.9949998749938 1
Current COV and iteration 3.001844688393179 1001
Current COV and iteration 2.0008233756675535 2001
Current COV and iteration 1.52812330376573 3001
Current COV and iteration 1.22519825572561 4001
Current COV and iteration 1.0004439588008236 5001
Current COV and iteration 0.8169504181380695 6001
Current COV and iteration 0.6551113594721654 7001
Current COV and iteration 0.5004906800147061 8001
Current COV and iteration 0.3339489056391042 9001
Average time =  9.437792112544587
Mean Average Error =  0.1254388749986116
====
Diff = 14776367535688.6000, Hash Rate = 120519899402400000000.0000 Expected Result = 8.7764.
Current COV and iteration 99.9949998749938 1
Current COV and iteration 3.0019210243918724 1001
Current COV and iteration 2.0007492609617143 2001
Current COV and iteration 1.5280019498531436 3001
Current COV and iteration 1.225086296015802 4001
Current COV and iteration 1.0002807757604009 5001
Current COV and iteration 0.8167965045361014 6001
Current COV and iteration 0.6549568514786112 7001
Current COV and iteration 0.5003309373891787 8001
Current COV and iteration 0.33374952661665663 9001
Average time =  8.67132213221322
Mean Average Error =  0.12462443471013834
====
Diff = 14776367535688.6000, Hash Rate = 105025450355657000000.0000 Expected Result = 10.0712.
Current COV and iteration 99.9949998749938 1
Current COV and iteration 3.001427535014875 1001
Current COV and iteration 2.0005794101823033 2001
Current COV and iteration 1.5279080783579957 3001
Current COV and iteration 1.2250239563531329 4001
Current COV and iteration 1.000299861569805 5001
Current COV and iteration 0.8167987668836671 6001
Current COV and iteration 0.6549583201387366 7001
Current COV and iteration 0.5003277713071798 8001
Current COV and iteration 0.3337404527009145 9001
Average time =  9.988930559722638
Mean Average Error =  0.12299539646272385
====
Diff = 14776367535688.6000, Hash Rate = 96498379961047400000.0000 Expected Result = 10.9612.
Current COV and iteration 99.9949998749938 1
Current COV and iteration 3.0014562378124015 1001
Current COV and iteration 2.0005818921149823 2001
Current COV and iteration 1.5278938551969827 3001
Current COV and iteration 1.2250196339939974 4001
Current COV and iteration 1.000291197423154 5001
Current COV and iteration 0.8167701029995789 6001
Current COV and iteration 0.6549179877737709 7001
Current COV and iteration 0.5002793650503791 8001
Current COV and iteration 0.3336749682854064 9001
Average time =  10.786018601860187
Mean Average Error =  0.12492821133965307
====
Diff = 15466098935554.7000, Hash Rate = 106364970924013000000.0000 Expected Result = 10.2320.
Current COV and iteration 99.9949998749938 1
Current COV and iteration 3.00142208425929 1001
Current COV and iteration 2.0005684463596274 2001
Current COV and iteration 1.5278811696378725 3001
Current COV and iteration 1.225002279114244 4001
Current COV and iteration 1.0002814857557698 5001
Current COV and iteration 0.816776583084275 6001
Current COV and iteration 0.6549316135699822 7001
Current COV and iteration 0.5002989268703727 8001
Current COV and iteration 0.333703547653073 9001
Average time =  10.287947128046138
Mean Average Error =  0.12246460122202756
====
Diff = 15466098935554.7000, Hash Rate = 122285760012717000000.0000 Expected Result = 9.0534.
Current COV and iteration 99.9949998749938 1
Current COV and iteration 3.002873055777583 1001
Current COV and iteration 2.001140522721589 2001
Current COV and iteration 1.5282559608698862 3001
Current COV and iteration 1.2252674052723844 4001
Current COV and iteration 1.0004392604862185 5001
Current COV and iteration 0.8169361737982294 6001
Current COV and iteration 0.6550863639956677 7001
Current COV and iteration 0.5004585601007284 8001
Current COV and iteration 0.33389982522692685 9001
Average time =  8.921645497883123
Mean Average Error =  0.12278494263219478
====
Diff = 15466098935554.7000, Hash Rate = 120357229012121000000.0000 Expected Result = 9.1985.
Current COV and iteration 99.9949998749938 1
Current COV and iteration 3.002776279480525 1001
Current COV and iteration 2.00111316167484 2001
Current COV and iteration 1.5282330380120184 3001
Current COV and iteration 1.2252537241524668 4001
Current COV and iteration 1.0004433478692678 5001
Current COV and iteration 0.8169455603910527 6001
Current COV and iteration 0.6550986176706974 7001
Current COV and iteration 0.5004719553927159 8001
Current COV and iteration 0.3339185067761181 9001
Average time =  9.056729006233956
Mean Average Error =  0.12341781100332305
====
Diff = 15466098935554.7000, Hash Rate = 110508561126490000000.0000 Expected Result = 10.0183.
Current COV and iteration 99.9949998749938 1
Current COV and iteration 3.0015404454681853 1001
Current COV and iteration 2.0006280339398774 2001
Current COV and iteration 1.5279357623055139 3001
Current COV and iteration 1.225042652436333 4001
Current COV and iteration 1.0003167281662162 5001
Current COV and iteration 0.8168140408517444 6001
Current COV and iteration 0.6549758373459533 7001
Current COV and iteration 0.5003454045518116 8001
Current COV and iteration 0.33376420375902466 9001
Average time =  9.896979697969796
Mean Average Error =  0.12335014942354502
====
Diff = 15466098935554.7000, Hash Rate = 115646694543727000000.0000 Expected Result = 9.5732.
Current COV and iteration 99.9949998749938 1
Current COV and iteration 3.0021164886420237 1001
Current COV and iteration 2.000922495706179 2001
Current COV and iteration 1.5281894728466823 3001
Current COV and iteration 1.2252492238796076 4001
Current COV and iteration 1.0004915200458988 5001
Current COV and iteration 0.8169946995547168 6001
Current COV and iteration 0.6551548359209154 7001
Current COV and iteration 0.500536427250108 8001
Current COV and iteration 0.33400455397923395 9001
Average time =  9.466183284995166
Mean Average Error =  0.1228397295979603
====
Diff = 15466098935554.7000, Hash Rate = 110301837535263000000.0000 Expected Result = 10.0371.
Current COV and iteration 99.9949998749938 1
Current COV and iteration 3.001505536062907 1001
Current COV and iteration 2.0006100628172776 2001
Current COV and iteration 1.5279186526196764 3001
Current COV and iteration 1.225028158143219 4001
Current COV and iteration 1.0002985940720184 5001
Current COV and iteration 0.8167959095810472 6001
Current COV and iteration 0.6549565966686988 7001
Current COV and iteration 0.5003252649031178 8001
Current COV and iteration 0.3337388309071268 9001
Average time =  9.922650598393174
Mean Average Error =  0.12258547723459261
====
Diff = 15466098935554.7000, Hash Rate = 113431470987497000000.0000 Expected Result = 9.7601.
Current COV and iteration 99.9949998749938 1
Current COV and iteration 3.001799731017663 1001
Current COV and iteration 2.0007879556204693 2001
Current COV and iteration 1.528086501258326 3001
Current COV and iteration 1.2251566445405933 4001
Current COV and iteration 1.0004001485109097 5001
Current COV and iteration 0.8168880388916026 6001
Current COV and iteration 0.6550445042773804 7001
Current COV and iteration 0.500414344804006 8001
Current COV and iteration 0.3338466092665005 9001
Average time =  9.648984898489848
Mean Average Error =  0.12224811324269727
====
Diff = 15466098935554.7000, Hash Rate = 101898724732278000000.0000 Expected Result = 10.8648.
Current COV and iteration 99.9949998749938 1
Current COV and iteration 3.001289405638499 1001
Current COV and iteration 2.0005286805361906 2001
Current COV and iteration 1.5278661513103502 3001
Current COV and iteration 1.2249957324420389 4001
Current COV and iteration 1.0002675703855992 5001
Current COV and iteration 0.8167495198655382 6001
Current COV and iteration 0.6548985582936875 7001
Current COV and iteration 0.500259031931308 8001
Current COV and iteration 0.3336495122974208 9001
Average time =  10.680546387972129
Mean Average Error =  0.1240196989222737
====
Diff = 15466098935554.7000, Hash Rate = 122053711499068000000.0000 Expected Result = 9.0706.
Current COV and iteration 99.9949998749938 1
Current COV and iteration 3.002806039123982 1001
Current COV and iteration 2.001111384535956 2001
Current COV and iteration 1.5282311905552501 3001
Current COV and iteration 1.2252479676276729 4001
Current COV and iteration 1.0004234022634448 5001
Current COV and iteration 0.8169201304447788 6001
Current COV and iteration 0.6550709459595175 7001
Current COV and iteration 0.5004426261341565 8001
Current COV and iteration 0.33388121219319344 9001
Average time =  8.94001733506684
Mean Average Error =  0.12420200353368724
====
Diff = 15466098935554.7000, Hash Rate = 103720405416007000000.0000 Expected Result = 10.6740.
Current COV and iteration 99.9949998749938 1
Current COV and iteration 3.001256750285886 1001
Current COV and iteration 2.000509237880089 2001
Current COV and iteration 1.5278440014605266 3001
Current COV and iteration 1.2249759483435214 4001
Current COV and iteration 1.0002471749691502 5001
Current COV and iteration 0.8167313441961315 6001
Current COV and iteration 0.6548793823142794 7001
Current COV and iteration 0.5002359040300957 8001
Current COV and iteration 0.3336198145794691 9001
Average time =  10.513443010967764
Mean Average Error =  0.12518457070932368
====
Diff = 15466098935554.7000, Hash Rate = 107592529316594000000.0000 Expected Result = 10.2898.
Current COV and iteration 99.9949998749938 1
Current COV and iteration 3.001421664495377 1001
Current COV and iteration 2.0005906833633014 2001
Current COV and iteration 1.5279206888695216 3001
Current COV and iteration 1.225037844025415 4001
Current COV and iteration 1.000324099005315 5001
Current COV and iteration 0.8168211685439045 6001
Current COV and iteration 0.6549778550538997 7001
Current COV and iteration 0.5003492318765497 8001
Current COV and iteration 0.33376634072451367 9001
Average time =  10.167123379004568
Mean Average Error =  0.1251185720326423
====
Diff = 15466098935554.7000, Hash Rate = 105720005133703000000.0000 Expected Result = 10.4721.
Current COV and iteration 99.9949998749938 1
Current COV and iteration 3.0013762801357093 1001
Current COV and iteration 2.000544792761505 2001
Current COV and iteration 1.5278582701971979 3001
Current COV and iteration 1.2249833530260656 4001
Current COV and iteration 1.000254832776216 5001
Current COV and iteration 0.8167449263425728 6001
Current COV and iteration 0.6548981428878855 7001
Current COV and iteration 0.500260875749288 8001
Current COV and iteration 0.33365438511982376 9001
Average time =  10.357669100243358
Mean Average Error =  0.12484452915377048
====
Diff = 15466098935554.7000, Hash Rate = 117612367770022000000.0000 Expected Result = 9.4132.
Current COV and iteration 99.9949998749938 1
Current COV and iteration 3.002078709105947 1001
Current COV and iteration 2.0009333992819656 2001
Current COV and iteration 1.52816939219966 3001
Current COV and iteration 1.2252234526872052 4001
Current COV and iteration 1.000439935439618 5001
Current COV and iteration 0.8169400147213917 6001
Current COV and iteration 0.6550937130597466 7001
Current COV and iteration 0.500465139624966 8001
Current COV and iteration 0.333912198982102 9001
Average time =  9.286783678367836
Mean Average Error =  0.1248838239657303
====
Diff = 15466098935554.7000, Hash Rate = 93908472753847100000.0000 Expected Result = 11.7892.
Current COV and iteration 99.9949998749938 1
Current COV and iteration 3.001983351209443 1001
Current COV and iteration 2.0007810158954853 2001
Current COV and iteration 1.528001648216077 3001
Current COV and iteration 1.2251273497866753 4001
Current COV and iteration 1.0003601246832008 5001
Current COV and iteration 0.8168211371546423 6001
Current COV and iteration 0.6549619491810438 7001
Current COV and iteration 0.5003190226816073 8001
Current COV and iteration 0.33371951505873004 9001
Average time =  11.474057405740576
Mean Average Error =  0.12952428177777162
====
Diff = 15546745765529.4000, Hash Rate = 114930449602888000000.0000 Expected Result = 9.6671.
Current COV and iteration 99.9949998749938 1
Current COV and iteration 3.0018346161120752 1001
Current COV and iteration 2.0008170932739713 2001
Current COV and iteration 1.5281351978419822 3001
Current COV and iteration 1.2252047068703673 4001
Current COV and iteration 1.0004482512701696 5001
Current COV and iteration 0.8169380045901246 6001
Current COV and iteration 0.655094522945762 7001
Current COV and iteration 0.500469014166054 8001
Current COV and iteration 0.33391529721257346 9001
Average time =  9.599304930493048
Mean Average Error =  0.12805453862846636
====
Diff = 15546745765529.4000, Hash Rate = 109808363556178000000.0000 Expected Result = 10.1347.
Current COV and iteration 99.9949998749938 1
Current COV and iteration 3.001349473601577 1001
Current COV and iteration 2.0005427497339068 2001
Current COV and iteration 1.5278878216217655 3001
Current COV and iteration 1.2250104796265624 4001
Current COV and iteration 1.0002930985782021 5001
Current COV and iteration 0.8167926753920515 6001
Current COV and iteration 0.6549505421142536 7001
Current COV and iteration 0.500319123673087 8001
Current COV and iteration 0.33372990573903233 9001
Average time =  10.0501133446678
Mean Average Error =  0.12704365762157646
====
Diff = 15546745765529.4000, Hash Rate = 108618694398028000000.0000 Expected Result = 10.2457.
Current COV and iteration 99.9949998749938 1
Current COV and iteration 3.001351405919666 1001
Current COV and iteration 2.0005469409393175 2001
Current COV and iteration 1.5278843856467903 3001
Current COV and iteration 1.2250091684822995 4001
Current COV and iteration 1.0003006134894776 5001
Current COV and iteration 0.8168029468894098 6001
Current COV and iteration 0.6549620362106031 7001
Current COV and iteration 0.5003332249355206 8001
Current COV and iteration 0.3337484832558539 9001
Average time =  10.147893122645598
Mean Average Error =  0.12637918534277703
====
Diff = 15546745765529.4000, Hash Rate = 103879175634023000000.0000 Expected Result = 10.7132.
Current COV and iteration 99.9949998749938 1
Current COV and iteration 3.001240425681162 1001
Current COV and iteration 2.0005058862998437 2001
Current COV and iteration 1.5278467221094931 3001
Current COV and iteration 1.224978169786363 4001
Current COV and iteration 1.000242765094196 5001
Current COV and iteration 0.816725009563129 6001
Current COV and iteration 0.6548735985372405 7001
Current COV and iteration 0.5002307280555802 8001
Current COV and iteration 0.3336141015720394 9001
Average time =  10.549609960996099
Mean Average Error =  0.12720609320191312
====
Diff = 15546745765529.4000, Hash Rate = 110312991708827000000.0000 Expected Result = 10.0884.
Current COV and iteration 99.9949998749938 1
Current COV and iteration 3.001434938586895 1001
Current COV and iteration 2.0005737401429107 2001
Current COV and iteration 1.5279033497463659 3001
Current COV and iteration 1.2250203547768763 4001
Current COV and iteration 1.0002997254525954 5001
Current COV and iteration 0.8168015260083828 6001
Current COV and iteration 0.654962404389454 7001
Current COV and iteration 0.5003335390369263 8001
Current COV and iteration 0.33374848665145174 9001
Average time =  10.005778911224455
Mean Average Error =  0.12623685397525294
====
Diff = 15546745765529.4000, Hash Rate = 112168702326352000000.0000 Expected Result = 9.9215.
Current COV and iteration 99.9949998749938 1
Current COV and iteration 3.001584000475155 1001
Current COV and iteration 2.0006576839948624 2001
Current COV and iteration 1.5279687698290834 3001
Current COV and iteration 1.2250702259881063 4001
Current COV and iteration 1.0003418404444315 5001
Current COV and iteration 0.816834903596997 6001
Current COV and iteration 0.6549946565200968 7001
Current COV and iteration 0.5003626372220975 8001
Current COV and iteration 0.3337836272706768 9001
Average time =  9.82285728572857
Mean Average Error =  0.12564974461985245
====
Diff = 15546745765529.4000, Hash Rate = 118243201995076000000.0000 Expected Result = 9.4118.
Current COV and iteration 99.9949998749938 1
Current COV and iteration 3.002392941921448 1001
Current COV and iteration 2.0010832496681514 2001
Current COV and iteration 1.5282771544669231 3001
Current COV and iteration 1.2253028326176452 4001
Current COV and iteration 1.0005122130392712 5001
Current COV and iteration 0.8170084410388437 6001
Current COV and iteration 0.6551594954354317 7001
Current COV and iteration 0.5005346012230423 8001
Current COV and iteration 0.3339993515932753 9001
Average time =  9.313599693302661
Mean Average Error =  0.12507788132980005
====
Diff = 15546745765529.4000, Hash Rate = 116254595709201000000.0000 Expected Result = 9.5728.
Current COV and iteration 99.9949998749938 1
Current COV and iteration 3.002210704448799 1001
Current COV and iteration 2.0009794589956633 2001
Current COV and iteration 1.5282339462228811 3001
Current COV and iteration 1.2252807222231503 4001
Current COV and iteration 1.0005139569214387 5001
Current COV and iteration 0.8170101414398856 6001
Current COV and iteration 0.6551660893923033 7001
Current COV and iteration 0.5005451704447386 8001
Current COV and iteration 0.3340113590787424 9001
Average time =  9.488035470213687
Mean Average Error =  0.12425515986972892
====
Diff = 15546745765529.4000, Hash Rate = 108912716891974000000.0000 Expected Result = 10.2181.
Current COV and iteration 99.9949998749938 1
Current COV and iteration 3.0013495674380852 1001
Current COV and iteration 2.0005468109076 2001
Current COV and iteration 1.5278846392664336 3001
Current COV and iteration 1.2250087628807502 4001
Current COV and iteration 1.0002997858374776 5001
Current COV and iteration 0.8168034543546987 6001
Current COV and iteration 0.6549632469820638 7001
Current COV and iteration 0.500334585722147 8001
Current COV and iteration 0.33375007470114165 9001
Average time =  10.133825049171584
Mean Average Error =  0.12345555568890265
====
Diff = 15546745765529.4000, Hash Rate = 97599484268459800000.0000 Expected Result = 11.4025.
Current COV and iteration 99.9949998749938 1
Current COV and iteration 3.001818451166851 1001
Current COV and iteration 2.000721646760063 2001
Current COV and iteration 1.5279815194637725 3001
Current COV and iteration 1.225095784218289 4001
Current COV and iteration 1.0003435854647096 5001
Current COV and iteration 0.816808010432738 6001
Current COV and iteration 0.6549533155495582 7001
Current COV and iteration 0.5003151768348195 8001
Current COV and iteration 0.3337194539148324 9001
Average time =  11.19094909490949
Mean Average Error =  0.12518291548109103
====
Diff = 15546745765529.4000, Hash Rate = 119619907773195000000.0000 Expected Result = 9.3035.
Current COV and iteration 99.9949998749938 1
Current COV and iteration 3.0028851840970527 1001
Current COV and iteration 2.001169269785929 2001
Current COV and iteration 1.528272897456021 3001
Current COV and iteration 1.2252868832865977 4001
Current COV and iteration 1.0004771441973992 5001
Current COV and iteration 0.8169683700330193 6001
Current COV and iteration 0.6551164894228688 7001
Current COV and iteration 0.5004845656087009 8001
Current COV and iteration 0.33393087900643764 9001
Average time =  9.198256492315897
Mean Average Error =  0.12479946533114895
====
Diff = 15546745765529.4000, Hash Rate = 111960455180492000000.0000 Expected Result = 9.9399.
Current COV and iteration 99.9949998749938 1
Current COV and iteration 3.001547170601693 1001
Current COV and iteration 2.0006393205920294 2001
Current COV and iteration 1.5279604753673282 3001
Current COV and iteration 1.2250654205458882 4001
Current COV and iteration 1.0003389859565328 5001
Current COV and iteration 0.8168335684121839 6001
Current COV and iteration 0.6549943286600919 7001
Current COV and iteration 0.5003629131199048 8001
Current COV and iteration 0.3337840740302754 9001
Average time =  9.844904490449045
Mean Average Error =  0.1242371265428434
====
Diff = 15546745765529.4000, Hash Rate = 111523554179591000000.0000 Expected Result = 9.9789.
Current COV and iteration 99.9949998749938 1
Current COV and iteration 3.001494623860995 1001
Current COV and iteration 2.000610109967788 2001
Current COV and iteration 1.5279276107640303 3001
Current COV and iteration 1.225036459124744 4001
Current COV and iteration 1.0003084660230144 5001
Current COV and iteration 0.8168046677296698 6001
Current COV and iteration 0.6549660361469086 7001
Current COV and iteration 0.5003341169610731 8001
Current COV and iteration 0.33374987126337846 9001
Average time =  9.87949294929493
Mean Average Error =  0.12377731032362538
====
Diff = 15546745765529.4000, Hash Rate = 107228224681693000000.0000 Expected Result = 10.3786.
Current COV and iteration 99.9949998749938 1
Current COV and iteration 3.00142208425929 1001
Current COV and iteration 2.0005684463596274 2001
Current COV and iteration 1.5278811696378725 3001
Current COV and iteration 1.2250030943424213 4001
Current COV and iteration 1.0002859547222458 5001
Current COV and iteration 0.816782076309998 6001
Current COV and iteration 0.6549373319588243 7001
Current COV and iteration 0.500305026885896 8001
Current COV and iteration 0.3337111805583224 9001
Average time =  10.283706704003732
Mean Average Error =  0.12325214642676434
====
Diff = 15546745765529.4000, Hash Rate = 112152161822808000000.0000 Expected Result = 9.8991.
Current COV and iteration 99.9949998749938 1
Current COV and iteration 3.001584000475155 1001
Current COV and iteration 2.0006576839948624 2001
Current COV and iteration 1.5279687698290834 3001
Current COV and iteration 1.2250702259881063 4001
Current COV and iteration 1.0003418404444315 5001
Current COV and iteration 0.816834903596997 6001
Current COV and iteration 0.6549946565200968 7001
Current COV and iteration 0.5003626372220975 8001
Current COV and iteration 0.3337836272706768 9001
Average time =  9.82285728572857
Mean Average Error =  0.12241269228113337
====
Diff = 15486913440292.9000, Hash Rate = 105553510967276000000.0000 Expected Result = 10.5027.
Current COV and iteration 99.9949998749938 1
Current COV and iteration 3.0014047554270564 1001
Current COV and iteration 2.000551756292492 2001
Current COV and iteration 1.5278621617323573 3001
Current COV and iteration 1.224987266849974 4001
Current COV and iteration 1.000256709888296 5001
Current COV and iteration 0.816741935477297 6001
Current COV and iteration 0.6548906026064912 7001
Current COV and iteration 0.5002484173575249 8001
Current COV and iteration 0.3336357614965321 9001
Average time =  10.43165816581658
Mean Average Error =  0.12151144915661209
====
Diff = 15486913440292.9000, Hash Rate = 114221539309845000000.0000 Expected Result = 9.7057.
Current COV and iteration 99.9949998749938 1
Current COV and iteration 3.001799731017663 1001
Current COV and iteration 2.0007879556204693 2001
Current COV and iteration 1.5280804416295375 3001
Current COV and iteration 1.2251510790525375 4001
Current COV and iteration 1.0003941113311985 5001
Current COV and iteration 0.8168809985027997 6001
Current COV and iteration 0.6550371987110867 7001
Current COV and iteration 0.5004061959543444 8001
Current COV and iteration 0.33383643477423725 9001
Average time =  9.652468580191352
Mean Average Error =  0.12033420727130237
====
Diff = 15486913440292.9000, Hash Rate = 118515655929929000000.0000 Expected Result = 9.3540.
Current COV and iteration 99.9949998749938 1
Current COV and iteration 3.002078709105947 1001
Current COV and iteration 2.0009333992819656 2001
Current COV and iteration 1.52816939219966 3001
Current COV and iteration 1.2252234526872052 4001
Current COV and iteration 1.000439935439618 5001
Current COV and iteration 0.8169400147213917 6001
Current COV and iteration 0.6550937130597466 7001
Current COV and iteration 0.500465139624966 8001
Current COV and iteration 0.333912198982102 9001
Average time =  9.286783678367836
Mean Average Error =  0.11943390412487627
====
Diff = 15486913440292.9000, Hash Rate = 107292241852362000000.0000 Expected Result = 10.3325.
Current COV and iteration 99.9949998749938 1
Current COV and iteration 3.00142208425929 1001
Current COV and iteration 2.0005684463596274 2001
Current COV and iteration 1.5278811696378725 3001
Current COV and iteration 1.2250030943424213 4001
Current COV and iteration 1.0002859547222458 5001
Current COV and iteration 0.816782076309998 6001
Current COV and iteration 0.6549373319588243 7001
Current COV and iteration 0.500305026885896 8001
Current COV and iteration 0.3337111805583224 9001
Average time =  10.283706704003732
Mean Average Error =  0.11825656065606613
====
Diff = 15486913440292.9000, Hash Rate = 137317108555613000000.0000 Expected Result = 8.0733.
Current COV and iteration 99.9949998749938 1
Current COV and iteration 3.0022521791180665 1001
Current COV and iteration 2.0009016617243827 2001
Current COV and iteration 1.5281500505179668 3001
Current COV and iteration 1.2252355771380947 4001
Current COV and iteration 1.0004144346140413 5001
Current COV and iteration 0.8169479253157337 6001
Current COV and iteration 0.6551335304738177 7001
Current COV and iteration 0.5005294563502919 8001
Current COV and iteration 0.3340117010686959 9001
Average time =  8.004968830216354
Mean Average Error =  0.11743811162537071
====
Diff = 15486913440292.9000, Hash Rate = 114376662987894000000.0000 Expected Result = 9.6925.
Current COV and iteration 99.9949998749938 1
Current COV and iteration 3.001799731017663 1001
Current COV and iteration 2.0007879556204693 2001
Current COV and iteration 1.5280943999281584 3001
Current COV and iteration 1.2251662761902116 4001
Current COV and iteration 1.0004108788347308 5001
Current COV and iteration 0.8169008102035412 6001
Current COV and iteration 0.6550582201237914 7001
Current COV and iteration 0.5004295179044715 8001
Current COV and iteration 0.3338659422284917 9001
Average time =  9.639795646231288
Mean Average Error =  0.11639401875671493
====
Diff = 15486913440292.9000, Hash Rate = 117827265554825000000.0000 Expected Result = 9.4087.
Current COV and iteration 99.9949998749938 1
Current COV and iteration 3.002244424896598 1001
Current COV and iteration 2.0009964308185664 2001
Current COV and iteration 1.5282305467868045 3001
Current COV and iteration 1.225274325714594 4001
Current COV and iteration 1.0004954744305474 5001
Current COV and iteration 0.8169932498782596 6001
Current COV and iteration 0.6551474503832951 7001
Current COV and iteration 0.5005245974687371 8001
Current COV and iteration 0.33398944408841486 9001
Average time =  9.363623028969563
Mean Average Error =  0.11526200212613907
====
Diff = 15486913440292.9000, Hash Rate = 127998990423479000000.0000 Expected Result = 8.6610.
Current COV and iteration 99.9949998749938 1
Current COV and iteration 3.0020067183711667 1001
Current COV and iteration 2.0007773108625035 2001
Current COV and iteration 1.528023370662173 3001
Current COV and iteration 1.22510571702276 4001
Current COV and iteration 1.0002980706023576 5001
Current COV and iteration 0.8168217212948575 6001
Current COV and iteration 0.6549856379736027 7001
Current COV and iteration 0.5003636742978548 8001
Current COV and iteration 0.33379193291344783 9001
Average time =  8.586451978531187
Mean Average Error =  0.11462584617836835
====
Diff = 15486913440292.9000, Hash Rate = 126170381684967000000.0000 Expected Result = 8.7865.
Current COV and iteration 99.9949998749938 1
Current COV and iteration 3.0020883338385667 1001
Current COV and iteration 2.0008116437213608 2001
Current COV and iteration 1.5280388561833897 3001
Current COV and iteration 1.2251127585925787 4001
Current COV and iteration 1.0003037656991842 5001
Current COV and iteration 0.8168169797048008 6001
Current COV and iteration 0.6549750882868537 7001
Current COV and iteration 0.5003471874276529 8001
Current COV and iteration 0.33376717231048103 9001
Average time =  8.699769976997699
Mean Average Error =  0.11419667966796733
====
Diff = 15486913440292.9000, Hash Rate = 118705709014269000000.0000 Expected Result = 9.3390.
Current COV and iteration 99.9949998749938 1
Current COV and iteration 3.0020803427377616 1001
Current COV and iteration 2.0009504109058454 2001
Current COV and iteration 1.5281843248344946 3001
Current COV and iteration 1.2252340709409957 4001
Current COV and iteration 1.0004477232920892 5001
Current COV and iteration 0.8169461525889999 6001
Current COV and iteration 0.6550990805381326 7001
Current COV and iteration 0.5004703581616224 8001
Current COV and iteration 0.33391886366462437 9001
Average time =  9.26942527586092
Mean Average Error =  0.11352058943268116
====
Diff = 15486913440292.9000, Hash Rate = 124555455720288000000.0000 Expected Result = 8.9004.
Current COV and iteration 99.9949998749938 1
Current COV and iteration 3.0032315425516654 1001
Current COV and iteration 2.0012911732842906 2001
Current COV and iteration 1.5283603950013305 3001
Current COV and iteration 1.2253452572854244 4001
Current COV and iteration 1.0004991757602122 5001
Current COV and iteration 0.8169935758575635 6001
Current COV and iteration 0.6551453432568735 7001
Current COV and iteration 0.5005245163445408 8001
Current COV and iteration 0.3339844995724734 9001
Average time =  8.845521218788546
Mean Average Error =  0.1126453385637076
====
Diff = 15486913440292.9000, Hash Rate = 118460884669707000000.0000 Expected Result = 9.3583.
Current COV and iteration 99.9949998749938 1
Current COV and iteration 3.0020789690785956 1001
Current COV and iteration 2.000925733387282 2001
Current COV and iteration 1.5281643178407927 3001
Current COV and iteration 1.2252201725909588 4001
Current COV and iteration 1.0004382039804234 5001
Current COV and iteration 0.8169386925907427 6001
Current COV and iteration 0.6550918862345567 7001
Current COV and iteration 0.5004630691683352 8001
Current COV and iteration 0.3339096786177271 9001
Average time =  9.287637097043039
Mean Average Error =  0.11202794980478487
====
Diff = 16552923967337.2000, Hash Rate = 119697005436570000000.0000 Expected Result = 9.6144.
Current COV and iteration 99.9949998749938 1
Current COV and iteration 3.0017097135084527 1001
Current COV and iteration 2.0007111605515133 2001
Current COV and iteration 1.528007031881088 3001
Current COV and iteration 1.2250972208614015 4001
Current COV and iteration 1.0003597648515077 5001
Current COV and iteration 0.8168500194294395 6001
Current COV and iteration 0.6550088173911884 7001
Current COV and iteration 0.5003762815857765 8001
Current COV and iteration 0.33379865267186304 9001
Average time =  9.795377871120445
Mean Average Error =  0.11302722402675096
====
Diff = 16552923967337.2000, Hash Rate = 108973179003695000000.0000 Expected Result = 10.8734.
Current COV and iteration 99.9949998749938 1
Current COV and iteration 3.001352170185518 1001
Current COV and iteration 2.0005534892907963 2001
Current COV and iteration 1.527880466295108 3001
Current COV and iteration 1.2250074190404219 4001
Current COV and iteration 1.0002809000916453 5001
Current COV and iteration 0.8167633360214256 6001
Current COV and iteration 0.6549132185662455 7001
Current COV and iteration 0.5002757628673912 8001
Current COV and iteration 0.33367099101745884 9001
Average time =  10.68927726105944
Mean Average Error =  0.11404287423980539
====
Diff = 16552923967337.2000, Hash Rate = 98830856208937500000.0000 Expected Result = 11.9892.
Current COV and iteration 99.9949998749938 1
Current COV and iteration 3.0018582328989036 1001
Current COV and iteration 2.000734074239469 2001
Current COV and iteration 1.5279681082715493 3001
Current COV and iteration 1.2251233193274709 4001
Current COV and iteration 1.0003550166386312 5001
Current COV and iteration 0.8168190131244093 6001
Current COV and iteration 0.6549642744407986 7001
Current COV and iteration 0.5003274139838348 8001
Current COV and iteration 0.33373602561080684 9001
Average time =  11.653116978364503
Mean Average Error =  0.11717020025946302
====
Diff = 16552923967337.2000, Hash Rate = 122845634767086000000.0000 Expected Result = 9.6455.
Current COV and iteration 99.9949998749938 1
Current COV and iteration 3.001911800524886 1001
Current COV and iteration 2.0008781786987346 2001
Current COV and iteration 1.528187003104014 3001
Current COV and iteration 1.2252457266435928 4001
Current COV and iteration 1.0004842651190506 5001
Current COV and iteration 0.816980353714226 6001
Current COV and iteration 0.6551404806336728 7001
Current COV and iteration 0.5005217908197862 8001
Current COV and iteration 0.33398534170636124 9001
Average time =  9.552301896856353
Mean Average Error =  0.11683725446618781
====
Diff = 16552923967337.2000, Hash Rate = 103839398315195000000.0000 Expected Result = 11.4109.
Current COV and iteration 99.9949998749938 1
Current COV and iteration 3.001810433531363 1001
Current COV and iteration 2.000712028256457 2001
Current COV and iteration 1.527970169009871 3001
Current COV and iteration 1.225085418220967 4001
Current COV and iteration 1.0003331814116023 5001
Current COV and iteration 0.8167989182377284 6001
Current COV and iteration 0.6549445055730813 7001
Current COV and iteration 0.5003059887193653 8001
Current COV and iteration 0.33370803981707725 9001
Average time =  11.186178617861787
Mean Average Error =  0.1183151192288183
====
Diff = 16552923967337.2000, Hash Rate = 105889831018393000000.0000 Expected Result = 11.1900.
Current COV and iteration 99.9949998749938 1
Current COV and iteration 3.0016808030228592 1001
Current COV and iteration 2.0006845738941013 2001
Current COV and iteration 1.5279816863216065 3001
Current COV and iteration 1.2251024099096304 4001
Current COV and iteration 1.0003772197463503 5001
Current COV and iteration 0.8168493289259662 6001
Current COV and iteration 0.6549976507513265 7001
Current COV and iteration 0.5003639832645643 8001
Current COV and iteration 0.33377954533580645 9001
Average time =  10.992740940760743
Mean Average Error =  0.11938192922895934
====
Diff = 16552923967337.2000, Hash Rate = 96801045608065100000.0000 Expected Result = 12.2406.
Current COV and iteration 99.9949998749938 1
Current COV and iteration 3.002142265580722 1001
Current COV and iteration 2.000888645508505 2001
Current COV and iteration 1.5280889023506363 3001
Current COV and iteration 1.225268968407585 4001
Current COV and iteration 1.0004915238238765 5001
Current COV and iteration 0.8169471081364683 6001
Current COV and iteration 0.6550912282201556 7001
Current COV and iteration 0.5004613162731224 8001
Current COV and iteration 0.3339061236720169 9001
Average time =  11.864574790812416
Mean Average Error =  0.12280383962840768
====
Diff = 16552923967337.2000, Hash Rate = 97570238199652600000.0000 Expected Result = 12.1441.
Current COV and iteration 99.9949998749938 1
Current COV and iteration 3.00188786320269 1001
Current COV and iteration 2.0007592151156315 2001
Current COV and iteration 1.5279901401859521 3001
Current COV and iteration 1.2251697282424756 4001
Current COV and iteration 1.0004048012586535 5001
Current COV and iteration 0.8168694291287183 6001
Current COV and iteration 0.6550148340810191 7001
Current COV and iteration 0.5003813174199604 8001
Current COV and iteration 0.3338059594068026 9001
Average time =  11.80159849318265
Mean Average Error =  0.12569459840720953
====
Diff = 16552923967337.2000, Hash Rate = 100937216940523000000.0000 Expected Result = 11.7390.
Current COV and iteration 99.9949998749938 1
Current COV and iteration 3.0019608953743693 1001
Current COV and iteration 2.0007841997323945 2001
Current COV and iteration 1.5280108653252515 3001
Current COV and iteration 1.225134416111371 4001
Current COV and iteration 1.000369501900213 5001
Current COV and iteration 0.8168313376675346 6001
Current COV and iteration 0.6549723151745201 7001
Current COV and iteration 0.5003305308234389 8001
Current COV and iteration 0.33373478360012643 9001
Average time =  11.442429242924293
Mean Average Error =  0.12791376929900822
====
Diff = 16552923967337.2000, Hash Rate = 82617797486273500000.0000 Expected Result = 14.3420.
Current COV and iteration 99.9949998749938 1
Current COV and iteration 3.0031275127897574 1001
Current COV and iteration 2.0012779729550516 2001
Current COV and iteration 1.5283231759121323 3001
Current COV and iteration 1.2254306660125736 4001
Current COV and iteration 1.0005581931210055 5001
Current COV and iteration 0.8169818429791595 6001
Current COV and iteration 0.6551126767034996 7001
Current COV and iteration 0.5004856362364709 8001
Current COV and iteration 0.3339467533493281 9001
Average time =  13.960367703437011
Mean Average Error =  0.13116657093059772
====
Diff = 16552923967337.2000, Hash Rate = 88145984159384300000.0000 Expected Result = 13.4425.
Current COV and iteration 99.9949998749938 1
Current COV and iteration 3.0021417666884145 1001
Current COV and iteration 2.000863766806729 2001
Current COV and iteration 1.5280660202866683 3001
Current COV and iteration 1.2252234740581183 4001
Current COV and iteration 1.0003988715230252 5001
Current COV and iteration 0.8168494983440412 6001
Current COV and iteration 0.6549913575011608 7001
Current COV and iteration 0.5003547873370494 8001
Current COV and iteration 0.3337860161864253 9001
Average time =  13.096636330299695
Mean Average Error =  0.13388425572515097
====
Diff = 16552923967337.2000, Hash Rate = 90761119138037700000.0000 Expected Result = 13.0552.
Current COV and iteration 99.9949998749938 1
Current COV and iteration 3.0020752456161466 1001
Current COV and iteration 2.0008584671878626 2001
Current COV and iteration 1.5280787731833114 3001
Current COV and iteration 1.2252571387852154 4001
Current COV and iteration 1.0004407164795008 5001
Current COV and iteration 0.8168914070250205 6001
Current COV and iteration 0.6550360823891914 7001
Current COV and iteration 0.5004039135268754 8001
Current COV and iteration 0.33384560262379115 9001
Average time =  12.714168083475013
Mean Average Error =  0.13647360148514892
====
Diff = 16552923967337.2000, Hash Rate = 101658103985495000000.0000 Expected Result = 11.6558.
Current COV and iteration 99.9949998749938 1
Current COV and iteration 3.001984430839579 1001
Current COV and iteration 2.0007778926700546 2001
Current COV and iteration 1.5280005412742226 3001
Current COV and iteration 1.2251157118708769 4001
Current COV and iteration 1.000348045883461 5001
Current COV and iteration 0.8168091858521394 6001
Current COV and iteration 0.6549496709066607 7001
Current COV and iteration 0.5003058748532758 8001
Current COV and iteration 0.333703725950242 9001
Average time =  11.385043504350433
Mean Average Error =  0.1381314149933516
====
Diff = 16552923967337.2000, Hash Rate = 104376351623009000000.0000 Expected Result = 11.3522.
Current COV and iteration 99.9949998749938 1
Current COV and iteration 3.001746758469526 1001
Current COV and iteration 2.0006969430505155 2001
Current COV and iteration 1.5279683850827268 3001
Current COV and iteration 1.22508615622826 4001
Current COV and iteration 1.0003432322294499 5001
Current COV and iteration 0.8168117802011078 6001
Current COV and iteration 0.6549597722215628 7001
Current COV and iteration 0.5003243788031848 8001
Current COV and iteration 0.33373205148154794 9001
Average time =  11.12876787678768
Mean Average Error =  0.13917166753260732
====
Diff = 16552923967337.2000, Hash Rate = 92076110853667500000.0000 Expected Result = 12.8688.
Current COV and iteration 99.9949998749938 1
Current COV and iteration 3.0020777863457417 1001
Current COV and iteration 2.0008678300810114 2001
Current COV and iteration 1.5280830033918789 3001
Current COV and iteration 1.2252668480006061 4001
Current COV and iteration 1.0004568275969656 5001
Current COV and iteration 0.8169073402971694 6001
Current COV and iteration 0.6550514980668483 7001
Current COV and iteration 0.5004211118378541 8001
Current COV and iteration 0.3338692203445025 9001
Average time =  12.4987832116545
Mean Average Error =  0.14195293404842532
====
Diff = 16552923967337.2000, Hash Rate = 107784157674678000000.0000 Expected Result = 10.9933.
Current COV and iteration 99.9949998749938 1
Current COV and iteration 3.0014649150443615 1001
Current COV and iteration 2.0005797391225104 2001
Current COV and iteration 1.5278900356381955 3001
Current COV and iteration 1.2250171694273406 4001
Current COV and iteration 1.000289611468561 5001
Current COV and iteration 0.816769209830149 6001
Current COV and iteration 0.6549169340331988 7001
Current COV and iteration 0.5002780097605406 8001
Current COV and iteration 0.33367289753855583 9001
Average time =  10.8009934326766
Mean Average Error =  0.14255238206360357
====
Diff = 16552923967337.2000, Hash Rate = 75976588752737900000.0000 Expected Result = 15.5957.
Current COV and iteration 99.9949998749938 1
Current COV and iteration 3.0041518681805526 1001
Current COV and iteration 2.0015773561243213 2001
Current COV and iteration 1.528501225323721 3001
Current COV and iteration 1.225502702500964 4001
Current COV and iteration 1.0006048759487953 5001
Current COV and iteration 0.817018853912843 6001
Current COV and iteration 0.6551481647471642 7001
Current COV and iteration 0.5005290422889569 8001
Current COV and iteration 0.33398808726298657 9001
Average time =  15.1509700970097
Mean Average Error =  0.14610741172156472
====
Diff = 16552923967337.2000, Hash Rate = 111904803064634000000.0000 Expected Result = 9.0473.
Current COV and iteration 99.9949998749938 1
Current COV and iteration 3.0014151161590084 1001
Current COV and iteration 2.0005542540257144 2001
Current COV and iteration 1.5278612057370276 3001
Current COV and iteration 1.2249863429857268 4001
Current COV and iteration 1.0002547779937534 5001
Current COV and iteration 0.8167390284591524 6001
Current COV and iteration 0.6548870591710325 7001
Current COV and iteration 0.5002438998438463 8001
Current COV and iteration 0.3336295790546608 9001
Average time =  10.45120845417875
Mean Average Error =  0.16073300523850872
====
Diff = 13912524048945.9000, Hash Rate = 107007781916636000000.0000 Expected Result = 9.3068.
Current COV and iteration 99.9949998749938 1
Current COV and iteration 3.0028851840970527 1001
Current COV and iteration 2.001169269785929 2001
Current COV and iteration 1.528272897456021 3001
Current COV and iteration 1.2252868832865977 4001
Current COV and iteration 1.0004771441973992 5001
Current COV and iteration 0.8169689655880509 6001
Current COV and iteration 0.6551175843213618 7001
Current COV and iteration 0.5004859934632392 8001
Current COV and iteration 0.333932839792386 9001
Average time =  9.197848118145146
Mean Average Error =  0.16013781991225984
====
Diff = 13912524048945.9000, Hash Rate = 93489805091613900000.0000 Expected Result = 10.6525.
Current COV and iteration 99.9949998749938 1
Current COV and iteration 3.001256750285886 1001
Current COV and iteration 2.000509237880089 2001
Current COV and iteration 1.5278443922159934 3001
Current COV and iteration 1.2249771394299513 4001
Current COV and iteration 1.0002510383636758 5001
Current COV and iteration 0.8167359685574878 6001
Current COV and iteration 0.6548843058070649 7001
Current COV and iteration 0.5002411926919372 8001
Current COV and iteration 0.33362624445031225 9001
Average time =  10.509174250758408
Mean Average Error =  0.1599467736546386
====
Diff = 13912524048945.9000, Hash Rate = 104404309146404000000.0000 Expected Result = 9.5389.
Current COV and iteration 99.9949998749938 1
Current COV and iteration 3.001830580834255 1001
Current COV and iteration 2.0007952426469147 2001
Current COV and iteration 1.5280995155308765 3001
Current COV and iteration 1.225181110542086 4001
Current COV and iteration 1.0004293162423488 5001
Current COV and iteration 0.8169351258870922 6001
Current COV and iteration 0.6550961415630298 7001
Current COV and iteration 0.5004740436518829 8001
Current COV and iteration 0.33392767687684594 9001
Average time =  9.454640464046404
Mean Average Error =  0.1590963552535033
====
Diff = 13912524048945.9000, Hash Rate = 101922858424367000000.0000 Expected Result = 9.7711.
Current COV and iteration 99.9949998749938 1
Current COV and iteration 3.00171711395956 1001
Current COV and iteration 2.00075144583995 2001
Current COV and iteration 1.5280606930145206 3001
Current COV and iteration 1.2251377230043574 4001
Current COV and iteration 1.0003827799284775 5001
Current COV and iteration 0.8168698828294109 6001
Current COV and iteration 0.655026104751909 7001
Current COV and iteration 0.5003938907554514 8001
Current COV and iteration 0.3338205484049097 9001
Average time =  9.671600493382671
Mean Average Error =  0.1584341680464347
====
Diff = 13912524048945.9000, Hash Rate = 110226464619472000000.0000 Expected Result = 9.0350.
Current COV and iteration 99.9949998749938 1
Current COV and iteration 3.0029129438857183 1001
Current COV and iteration 2.0011549505791595 2001
Current COV and iteration 1.528264694608448 3001
Current COV and iteration 1.225273298846504 4001
Current COV and iteration 1.0004429964520205 5001
Current COV and iteration 0.8169390956217835 6001
Current COV and iteration 0.6550891098614628 7001
Current COV and iteration 0.5004616166409644 8001
Current COV and iteration 0.3339033439922538 9001
Average time =  8.916391639163916
Mean Average Error =  0.15799652181335394
====
Diff = 13912524048945.9000, Hash Rate = 122321055875202000000.0000 Expected Result = 8.1417.
Current COV and iteration 99.9949998749938 1
Current COV and iteration 3.002221149250391 1001
Current COV and iteration 2.0008940412513496 2001
Current COV and iteration 1.5281421611377817 3001
Current COV and iteration 1.2252221876715845 4001
Current COV and iteration 1.0003986018019142 5001
Current COV and iteration 0.8169264200529988 6001
Current COV and iteration 0.6551077867634747 7001
Current COV and iteration 0.5004992513633642 8001
Current COV and iteration 0.33396925719465087 9001
Average time =  8.032039870653731
Mean Average Error =  0.15747112624305953
====
